[Monitor] ComponentManager initialized
[Monitor] EntityManager initialized
[Monitor] SystemManager initialized
[Monitor] component 17ComponentPosition registered with id 0
[Monitor] component 17ComponentMovement registered with id 1
[Monitor] component 16ComponentTerrain registered with id 2
[Monitor] component 17ComponentMovement registered with id 1
[Monitor] component 16ComponentTerrain registered with id 2
[Monitor] component 17ComponentPosition registered with id 0
[Monitor] new system 13SystemTerrain registered
[Monitor] component 17ComponentMovement registered with id 1
[Monitor] component 17ComponentPosition registered with id 0
[Monitor] new system 14SystemMovement registered
[Monitor] new entity with id 0 registered
[Monitor] entity's 0 signature updated. now it's signature is 00000000000000000000000000000001
[Monitor] component 17ComponentPosition aka 0 attached to entity 0. now it's signature is 00000000000000000000000000000001
[Monitor] entity's 0 signature updated. now it's signature is 00000000000000000000000000000101
[Monitor] component 16ComponentTerrain aka 2 attached to entity 0. now it's signature is 00000000000000000000000000000101
[Monitor] new entity with id 1 registered
[Monitor] entity's 1 signature updated. now it's signature is 00000000000000000000000000000001
[Monitor] component 17ComponentPosition aka 0 attached to entity 1. now it's signature is 00000000000000000000000000000001
[Monitor] entity's 1 signature updated. now it's signature is 00000000000000000000000000000101
[Monitor] component 16ComponentTerrain aka 2 attached to entity 1. now it's signature is 00000000000000000000000000000101
[Monitor] new entity with id 2 registered
[Monitor] entity's 2 signature updated. now it's signature is 00000000000000000000000000000001
[Monitor] component 17ComponentPosition aka 0 attached to entity 2. now it's signature is 00000000000000000000000000000001
[Monitor] entity's 2 signature updated. now it's signature is 00000000000000000000000000000101
[Monitor] component 16ComponentTerrain aka 2 attached to entity 2. now it's signature is 00000000000000000000000000000101
[Monitor] new entity with id 3 registered
[Monitor] entity's 3 signature updated. now it's signature is 00000000000000000000000000000001
[Monitor] component 17ComponentPosition aka 0 attached to entity 3. now it's signature is 00000000000000000000000000000001
[Monitor] entity's 3 signature updated. now it's signature is 00000000000000000000000000000101
[Monitor] component 16ComponentTerrain aka 2 attached to entity 3. now it's signature is 00000000000000000000000000000101
[Monitor] new entity with id 4 registered
[Monitor] entity's 4 signature updated. now it's signature is 00000000000000000000000000000001
[Monitor] component 17ComponentPosition aka 0 attached to entity 4. now it's signature is 00000000000000000000000000000001
[Monitor] entity's 4 signature updated. now it's signature is 00000000000000000000000000000101
[Monitor] component 16ComponentTerrain aka 2 attached to entity 4. now it's signature is 00000000000000000000000000000101
[Monitor] new entity with id 5 registered
[Monitor] entity's 5 signature updated. now it's signature is 00000000000000000000000000000001
[Monitor] component 17ComponentPosition aka 0 attached to entity 5. now it's signature is 00000000000000000000000000000001
[Monitor] entity's 5 signature updated. now it's signature is 00000000000000000000000000000101
[Monitor] component 16ComponentTerrain aka 2 attached to entity 5. now it's signature is 00000000000000000000000000000101
[Monitor] new entity with id 6 registered
[Monitor] entity's 6 signature updated. now it's signature is 00000000000000000000000000000010
[Monitor] component 17ComponentMovement aka 1 attached to entity 6. now it's signature is 00000000000000000000000000000010
[Monitor] entity's 6 signature updated. now it's signature is 00000000000000000000000000000011
[Monitor] component 17ComponentPosition aka 0 attached to entity 6. now it's signature is 00000000000000000000000000000011
