[SystemManager]                SystemManager initialised
[systemGameZero]               importing required components...
[systemGameZero]               imported
[systemGameZero]               importing dependent components and systems...
[systemHealth]                 importing required components...
[systemHealth]                 imported
[systemHealth]                 importing dependent components and systems...
[systemHealth]                 imported
[systemHealth]                 started initialization...
[systemHealth]                 initializeded
[SystemManager]                new system systemHealth registered
[systemKick]                   importing required components...
[systemKick]                   imported
[systemKick]                   importing dependent components and systems...
[systemKick]                   imported
[systemKick]                   started initialization...
[systemKick]                   initializeded
[SystemManager]                new system systemKick registered
[systemGameZero]               imported
[systemGameZero]               started initialization...
[systemHealth ]                entity's 0 hp changed from 10 to 7
[systemKick]                   entity 0 attempts to kick 0
[systemKick]                   entity 0 kicks entity 0 for 3 points of damage!
[systemHealth ]                entity's 0 hp changed from 7 to 4
[systemGameZero]               initializeded
[SystemManager]                new system systemGameZero registered
