[16ComponentManager] component 17ComponentPosition registered as 0
[16ComponentManager] component 17ComponentMovement registered as 1
[16ComponentManager] component 16ComponentTerrain registered as 2
[16ComponentManager] component 17ComponentPosition(pos: x: 0 y: 0
) attached to entity 0
[16ComponentManager] component 16ComponentTerrain(walkable: 1 step_cost: 1) attached to entity 0
[16ComponentManager] component 17ComponentPosition(pos: x: 1 y: 0
) attached to entity 1
[16ComponentManager] component 16ComponentTerrain(walkable: 1 step_cost: 2) attached to entity 1
[16ComponentManager] component 17ComponentPosition(pos: x: 0 y: 1
) attached to entity 2
[16ComponentManager] component 16ComponentTerrain(walkable: 1 step_cost: 1) attached to entity 2
[16ComponentManager] component 17ComponentPosition(pos: x: 1 y: 1
) attached to entity 3
[16ComponentManager] component 16ComponentTerrain(walkable: 0 step_cost: 0) attached to entity 3
[16ComponentManager] component 17ComponentPosition(pos: x: 2 y: 0
) attached to entity 4
[16ComponentManager] component 16ComponentTerrain(walkable: 1 step_cost: 1) attached to entity 4
[16ComponentManager] component 17ComponentPosition(pos: x: 2 y: 1
) attached to entity 5
[16ComponentManager] component 16ComponentTerrain(walkable: 1 step_cost: 1) attached to entity 5
[16ComponentManager] component 17ComponentMovement(steps_max: 2steps_cur: 2) attached to entity 6
[16ComponentManager] component 17ComponentPosition(pos: x: 0 y: 0
) attached to entity 6
